<?xml version="1.0" encoding="UTF-8"?>
<testsuite xmlns:xsi="http://www.w3.org/2001/XMLSchema-instance" xsi:noNamespaceSchemaLocation="https://maven.apache.org/surefire/maven-surefire-plugin/xsd/surefire-test-report-3.0.xsd" version="3.0" name="unitTest.GetAPITest" time="2.996" tests="3" errors="0" skipped="1" failures="0">
  <properties>
[...]
</properties>
  <testcase name="simpleGetCallWithLogUsingBDD" classname="unitTest.GetAPITest" time="2.818">
    <system-out><![CDATA[Request method:	GET
Request URI:	https://reqres.in/api/users/3
Proxy:			<none>
Request params:	<none>
Query params:	<none>
Form params:	<none>
Path params:	<none>
Headers:		Accept=*/*
Cookies:		<none>
Multiparts:		<none>
Body:			<none>
HTTP/1.1 200 OK
Date: Mon, 16 Oct 2023 04:20:42 GMT
Content-Type: application/json; charset=utf-8
Transfer-Encoding: chunked
Connection: keep-alive
X-Powered-By: Express
Access-Control-Allow-Origin: *
Etag: W/"112-EeInfgHWtnxhYRnwgZUB667e024"
Via: 1.1 vegur
Cache-Control: max-age=14400
CF-Cache-Status: REVALIDATED
Report-To: {"endpoints":[{"url":"https:\/\/a.nel.cloudflare.com\/report\/v3?s=AU1XqWPnpX5Ai9mTykzM8%2FBbg0SJ9zFW4KCewyJLt6KszkZ8UF2bVEqI%2BSeuWiiyT7%2BKpndzvdEtBm4ZBbmrW8etAL%2F84%2F61xypnuL1YFxj0cUXDsaf%2B%2BFTS%2BA%3D%3D"}],"group":"cf-nel","max_age":604800}
NEL: {"success_fraction":0,"report_to":"cf-nel","max_age":604800}
Vary: Accept-Encoding
Server: cloudflare
CF-RAY: 816d82c47c4241c3-EWR
Content-Encoding: gzip

{
    "data": {
        "id": 3,
        "email": "emma.wong@reqres.in",
        "first_name": "Emma",
        "last_name": "Wong",
        "avatar": "https://reqres.in/img/faces/3-image.jpg"
    },
    "support": {
        "url": "https://reqres.in/#support-heading",
        "text": "To keep ReqRes free, contributions towards server costs are appreciated!"
    }
}
]]></system-out>
  </testcase>
  <testcase name="simpleGetCallWithLog" classname="unitTest.GetAPITest" time="0.126">
    <system-out><![CDATA[Request method:	GET
Request URI:	https://reqres.in/api/users/3
Proxy:			<none>
Request params:	<none>
Query params:	<none>
Form params:	<none>
Path params:	<none>
Headers:		Accept=*/*
Cookies:		<none>
Multiparts:		<none>
Body:			<none>
{
    "data": {
        "id": 3,
        "email": "emma.wong@reqres.in",
        "first_name": "Emma",
        "last_name": "Wong",
        "avatar": "https://reqres.in/img/faces/3-image.jpg"
    },
    "support": {
        "url": "https://reqres.in/#support-heading",
        "text": "To keep ReqRes free, contributions towards server costs are appreciated!"
    }
}
]]></system-out>
  </testcase>
  <testcase name="simpleGetCall" classname="unitTest.GetAPITest" time="0.0">
    <skipped message="public void unitTest.GetAPITest.simpleGetCall() is @Disabled"/>
  </testcase>
</testsuite>